G:\陈应显\程序\3DErrors\Release\AsdkAcUiSample.lib
G:\陈应显\程序\3DErrors\Release\AsdkAcUiSample.exp
G:\陈应显\程序\3DERRORS\RELEASE\ASDKACUISAMPLE.PCH
G:\陈应显\程序\3DERRORS\RELEASE\STDAFX.OBJ
G:\陈应显\程序\3DERRORS\RELEASE\VC110.PDB
G:\陈应显\程序\3DERRORS\RELEASE\ASDKACUISAMPLE.OBJ
G:\陈应显\程序\3DERRORS\RELEASE\ASDKACUIDIALOGSAMPLE.OBJ
G:\陈应显\程序\3DERRORS\X64\3DERROS.ARX
G:\陈应显\程序\3DERRORS\RELEASE\ASDKACUISAMPLE.PDB
G:\陈应显\程序\3DERRORS\X64\RELEASE\ASDKACUISAMPLE.RES
G:\陈应显\程序\3DErrors\x64\Release\AsdkAcUiSample.write.1.tlog
G:\陈应显\程序\3DErrors\x64\Release\cl.command.1.tlog
G:\陈应显\程序\3DErrors\x64\Release\CL.read.1.tlog
G:\陈应显\程序\3DErrors\x64\Release\CL.write.1.tlog
G:\陈应显\程序\3DErrors\x64\Release\link-cvtres.read.1.tlog
G:\陈应显\程序\3DErrors\x64\Release\link-cvtres.write.1.tlog
G:\陈应显\程序\3DErrors\x64\Release\link-mt.read.1.tlog
G:\陈应显\程序\3DErrors\x64\Release\link-mt.write.1.tlog
G:\陈应显\程序\3DErrors\x64\Release\link-rc.read.1.tlog
G:\陈应显\程序\3DErrors\x64\Release\link-rc.write.1.tlog
G:\陈应显\程序\3DErrors\x64\Release\link.command.1.tlog
G:\陈应显\程序\3DErrors\x64\Release\link.read.1.tlog
G:\陈应显\程序\3DErrors\x64\Release\link.write.1.tlog
G:\陈应显\程序\3DErrors\x64\Release\rc.command.1.tlog
G:\陈应显\程序\3DErrors\x64\Release\rc.read.1.tlog
G:\陈应显\程序\3DErrors\x64\Release\rc.write.1.tlog
G:\陈应显\程序\3DErrors\x64\Release\AsdkAcUiSample.res
